2026-04-12 10:51:55,799	[INFO]	(client.py:162)_bot_login	[botpy] 登录机器人账号中...
2026-04-12 10:51:56,082	[INFO]	(robot.py:65)update_access_token	[botpy] access_token expires_in 6268
2026-04-12 10:51:56,571	[INFO]	(client.py:181)_bot_init	[botpy] 程序启动...
2026-04-12 10:51:56,572	[INFO]	(connection.py:60)multi_run	[botpy] 最大并发连接数: 1, 启动会话数: 1
2026-04-12 10:51:56,573	[INFO]	(client.py:242)bot_connect	[botpy] 会话启动中...
2026-04-12 10:51:56,573	[INFO]	(gateway.py:115)ws_connect	[botpy] 启动中...
2026-04-12 10:51:56,653	[INFO]	(gateway.py:142)ws_identify	[botpy] 鉴权中...
2026-04-12 10:51:56,772	[INFO]	(gateway.py:85)on_message	[botpy] 机器人「Motoko🏍」启动成功！
2026-04-12 10:51:56,772	[INFO]	(gateway.py:223)_send_heart	[botpy] 心跳维持启动...
2026-04-12 10:52:22,941	[INFO]	(client.py:162)_bot_login	[botpy] 登录机器人账号中...
2026-04-12 10:52:23,078	[INFO]	(robot.py:65)update_access_token	[botpy] access_token expires_in 6241
2026-04-12 10:52:23,408	[INFO]	(client.py:181)_bot_init	[botpy] 程序启动...
2026-04-12 10:52:23,408	[INFO]	(connection.py:60)multi_run	[botpy] 最大并发连接数: 1, 启动会话数: 1
2026-04-12 10:52:23,409	[INFO]	(client.py:242)bot_connect	[botpy] 会话启动中...
2026-04-12 10:52:23,410	[INFO]	(gateway.py:115)ws_connect	[botpy] 启动中...
2026-04-12 10:52:23,492	[INFO]	(gateway.py:142)ws_identify	[botpy] 鉴权中...
2026-04-12 10:52:23,602	[INFO]	(gateway.py:85)on_message	[botpy] 机器人「Motoko🏍」启动成功！
2026-04-12 10:52:23,603	[INFO]	(gateway.py:223)_send_heart	[botpy] 心跳维持启动...
2026-04-12 10:56:07,619	[INFO]	(client.py:162)_bot_login	[botpy] 登录机器人账号中...
2026-04-12 10:56:07,717	[INFO]	(robot.py:65)update_access_token	[botpy] access_token expires_in 6017
2026-04-12 10:56:08,135	[INFO]	(client.py:181)_bot_init	[botpy] 程序启动...
2026-04-12 10:56:08,135	[INFO]	(connection.py:60)multi_run	[botpy] 最大并发连接数: 1, 启动会话数: 1
2026-04-12 10:56:08,136	[INFO]	(client.py:242)bot_connect	[botpy] 会话启动中...
2026-04-12 10:56:08,136	[INFO]	(gateway.py:115)ws_connect	[botpy] 启动中...
2026-04-12 10:56:08,209	[INFO]	(gateway.py:142)ws_identify	[botpy] 鉴权中...
2026-04-12 10:56:08,315	[INFO]	(gateway.py:85)on_message	[botpy] 机器人「Motoko🏍」启动成功！
2026-04-12 10:56:08,315	[INFO]	(gateway.py:223)_send_heart	[botpy] 心跳维持启动...
2026-04-12 11:02:43,587	[INFO]	(client.py:162)_bot_login	[botpy] 登录机器人账号中...
2026-04-12 11:02:43,928	[INFO]	(robot.py:65)update_access_token	[botpy] access_token expires_in 5621
2026-04-12 11:02:44,299	[INFO]	(client.py:181)_bot_init	[botpy] 程序启动...
2026-04-12 11:02:44,301	[INFO]	(connection.py:60)multi_run	[botpy] 最大并发连接数: 1, 启动会话数: 1
2026-04-12 11:02:44,301	[INFO]	(client.py:242)bot_connect	[botpy] 会话启动中...
2026-04-12 11:02:44,302	[INFO]	(gateway.py:115)ws_connect	[botpy] 启动中...
2026-04-12 11:02:44,449	[INFO]	(gateway.py:142)ws_identify	[botpy] 鉴权中...
2026-04-12 11:02:44,554	[INFO]	(gateway.py:85)on_message	[botpy] 机器人「Motoko🏍」启动成功！
2026-04-12 11:02:44,555	[INFO]	(gateway.py:223)_send_heart	[botpy] 心跳维持启动...
